2023-05-22T07:48:34+00:00 CRITICAL require_once(): Failed opening required 'C:\laragon\www\KLD\wp-content\plugins\livestream-addon/widgets/livestream.php' (include_path='.;C:/laragon/etc/php/pear') in C:\laragon\www\KLD\wp-content\plugins\livestream-addon\livestream-addon.php on line 68

2023-05-22T07:49:14+00:00 CRITICAL syntax error, unexpected end of file, expecting function (T_FUNCTION) or const (T_CONST) in C:\laragon\www\KLD\wp-content\plugins\livestream-addon\widgets\livestream.php on line 142

2023-05-22T07:49:50+00:00 CRITICAL syntax error, unexpected '?>', expecting function (T_FUNCTION) or const (T_CONST) in C:\laragon\www\KLD\wp-content\plugins\livestream-addon\widgets\livestream.php on line 145

2023-05-22T07:56:57+00:00 CRITICAL Uncaught Error: Call to undefined function wp_livestream_get() in C:\laragon\www\KLD\wp-content\plugins\livestream-addon\widgets\livestream.php:136
Stack trace:
#0 C:\laragon\www\KLD\wp-content\plugins\elementor\includes\base\controls-stack.php(2268): Elementor_livestream_Widget->render()
#1 C:\laragon\www\KLD\wp-content\plugins\elementor\includes\base\widget-base.php(609): Elementor\Controls_Stack->render_by_mode()
#2 C:\laragon\www\KLD\wp-content\plugins\elementor\core\base\document.php(292): Elementor\Widget_Base->render_content()
#3 C:\laragon\www\KLD\wp-content\plugins\elementor\includes\managers\widgets.php(425): Elementor\Core\Base\Document->render_element(Array)
#4 [internal function]: Elementor\Widgets_Manager->ajax_render_widget(Array, Object(Elementor\Core\Common\Modules\Ajax\Module))
#5 C:\laragon\www\KLD\wp-content\plugins\elementor\core\common\modules\ajax\module.php(175): call_user_func(Array, Array, Object(Elementor\Core\Common\Modules\Ajax\Module))
#6 C:\laragon\www\KLD\wp-includes\class-wp-h in C:\laragon\www\KLD\wp-content\plugins\livestream-addon\widgets\livestream.php on line 136

2023-05-22T07:57:58+00:00 CRITICAL Uncaught Error: Call to undefined function wp_livestream_get() in C:\laragon\www\KLD\wp-content\plugins\livestream-addon\widgets\livestream.php:136
Stack trace:
#0 C:\laragon\www\KLD\wp-content\plugins\elementor\includes\base\controls-stack.php(2268): Elementor_livestream_Widget->render()
#1 C:\laragon\www\KLD\wp-content\plugins\elementor\includes\base\widget-base.php(609): Elementor\Controls_Stack->render_by_mode()
#2 C:\laragon\www\KLD\wp-content\plugins\elementor\includes\base\widget-base.php(673): Elementor\Widget_Base->render_content()
#3 C:\laragon\www\KLD\wp-content\plugins\elementor\includes\db.php(202): Elementor\Widget_Base->render_plain_content()
#4 C:\laragon\www\KLD\wp-content\plugins\elementor\includes\db.php(208): Elementor\DB->render_element_plain_content(Array)
#5 C:\laragon\www\KLD\wp-content\plugins\elementor\includes\db.php(208): Elementor\DB->render_element_plain_content(Array)
#6 C:\laragon\www\KLD\wp-content\plugins\elementor\includes\db.php(558): Elementor\DB->render_element_plain_cont in C:\laragon\www\KLD\wp-content\plugins\livestream-addon\widgets\livestream.php on line 136

2023-05-22T08:00:45+00:00 CRITICAL Uncaught Error: Call to undefined function wp_livestream_get() in C:\laragon\www\KLD\wp-content\plugins\livestream-addon\widgets\livestream.php:136
Stack trace:
#0 C:\laragon\www\KLD\wp-content\plugins\elementor\includes\base\controls-stack.php(2268): Elementor_livestream_Widget->render()
#1 C:\laragon\www\KLD\wp-content\plugins\elementor\includes\base\widget-base.php(609): Elementor\Controls_Stack->render_by_mode()
#2 C:\laragon\www\KLD\wp-content\plugins\elementor\includes\base\widget-base.php(750): Elementor\Widget_Base->render_content()
#3 C:\laragon\www\KLD\wp-content\plugins\elementor\includes\base\element-base.php(449): Elementor\Widget_Base->print_content()
#4 C:\laragon\www\KLD\wp-content\plugins\elementor\includes\base\element-base.php(1354): Elementor\Element_Base->print_element()
#5 C:\laragon\www\KLD\wp-content\plugins\elementor\includes\base\element-base.php(449): Elementor\Element_Base->print_content()
#6 C:\laragon\www\KLD\wp-content\plugins\elementor\includes\base\element-base.php(1354): Elem in C:\laragon\www\KLD\wp-content\plugins\livestream-addon\widgets\livestream.php on line 136

